[2025-04-18 20:56:07Z INFO HostContext] No proxy settings were found based on environmental variables (http_proxy/https_proxy/HTTP_PROXY/HTTPS_PROXY)
[2025-04-18 20:56:07Z INFO HostContext] Well known directory 'Bin': 'C:\Projects\Research\client_ai\sites\pranavam.ai\actions-runner\bin'
[2025-04-18 20:56:07Z INFO HostContext] Well known directory 'Root': 'C:\Projects\Research\client_ai\sites\pranavam.ai\actions-runner'
[2025-04-18 20:56:07Z INFO HostContext] Well known config file 'Credentials': 'C:\Projects\Research\client_ai\sites\pranavam.ai\actions-runner\.credentials'
[2025-04-18 20:56:08Z INFO HostContext] Well known directory 'Bin': 'C:\Projects\Research\client_ai\sites\pranavam.ai\actions-runner\bin'
[2025-04-18 20:56:08Z INFO HostContext] Well known directory 'Root': 'C:\Projects\Research\client_ai\sites\pranavam.ai\actions-runner'
[2025-04-18 20:56:08Z INFO HostContext] Well known config file 'Runner': 'C:\Projects\Research\client_ai\sites\pranavam.ai\actions-runner\.runner'
[2025-04-18 20:56:08Z INFO Listener] Runner is built for Windows (X64) - win-x64.
[2025-04-18 20:56:08Z INFO Listener] RuntimeInformation: Microsoft Windows 10.0.19045.
[2025-04-18 20:56:08Z INFO Listener] Version: 2.323.0
[2025-04-18 20:56:08Z INFO Listener] Commit: d8b82f44a9ec0258904d5869ae683c31d5aac299
[2025-04-18 20:56:08Z INFO Listener] Culture: en-US
[2025-04-18 20:56:08Z INFO Listener] UI Culture: en-US
[2025-04-18 20:56:08Z INFO HostContext] Well known directory 'Bin': 'C:\Projects\Research\client_ai\sites\pranavam.ai\actions-runner\bin'
[2025-04-18 20:56:08Z INFO HostContext] Well known directory 'Root': 'C:\Projects\Research\client_ai\sites\pranavam.ai\actions-runner'
[2025-04-18 20:56:08Z INFO Listener] Validating directory permissions for: 'C:\Projects\Research\client_ai\sites\pranavam.ai\actions-runner'
[2025-04-18 20:56:08Z INFO CommandLineParser] Parse
[2025-04-18 20:56:08Z INFO CommandLineParser] Parsing 1 args
[2025-04-18 20:56:08Z INFO CommandLineParser] parsing argument
[2025-04-18 20:56:08Z INFO CommandLineParser] HasArgs: False
[2025-04-18 20:56:08Z INFO CommandLineParser] Adding Command: run
[2025-04-18 20:56:08Z INFO Listener] Arguments parsed
[2025-04-18 20:56:08Z INFO Runner] ExecuteCommand
[2025-04-18 20:56:08Z INFO ConfigurationStore] currentAssemblyLocation: C:\Projects\Research\client_ai\sites\pranavam.ai\actions-runner\bin\Runner.Listener.dll
[2025-04-18 20:56:08Z INFO HostContext] Well known directory 'Bin': 'C:\Projects\Research\client_ai\sites\pranavam.ai\actions-runner\bin'
[2025-04-18 20:56:08Z INFO ConfigurationStore] binPath: C:\Projects\Research\client_ai\sites\pranavam.ai\actions-runner\bin
[2025-04-18 20:56:08Z INFO HostContext] Well known directory 'Bin': 'C:\Projects\Research\client_ai\sites\pranavam.ai\actions-runner\bin'
[2025-04-18 20:56:08Z INFO HostContext] Well known directory 'Root': 'C:\Projects\Research\client_ai\sites\pranavam.ai\actions-runner'
[2025-04-18 20:56:08Z INFO ConfigurationStore] RootFolder: C:\Projects\Research\client_ai\sites\pranavam.ai\actions-runner
[2025-04-18 20:56:08Z INFO HostContext] Well known directory 'Bin': 'C:\Projects\Research\client_ai\sites\pranavam.ai\actions-runner\bin'
[2025-04-18 20:56:08Z INFO HostContext] Well known directory 'Root': 'C:\Projects\Research\client_ai\sites\pranavam.ai\actions-runner'
[2025-04-18 20:56:08Z INFO HostContext] Well known config file 'Runner': 'C:\Projects\Research\client_ai\sites\pranavam.ai\actions-runner\.runner'
[2025-04-18 20:56:08Z INFO ConfigurationStore] ConfigFilePath: C:\Projects\Research\client_ai\sites\pranavam.ai\actions-runner\.runner
[2025-04-18 20:56:08Z INFO HostContext] Well known directory 'Bin': 'C:\Projects\Research\client_ai\sites\pranavam.ai\actions-runner\bin'
[2025-04-18 20:56:08Z INFO HostContext] Well known directory 'Root': 'C:\Projects\Research\client_ai\sites\pranavam.ai\actions-runner'
[2025-04-18 20:56:08Z INFO HostContext] Well known config file 'MigratedRunner': 'C:\Projects\Research\client_ai\sites\pranavam.ai\actions-runner\.runner_migrated'
[2025-04-18 20:56:08Z INFO ConfigurationStore] MigratedConfigFilePath: C:\Projects\Research\client_ai\sites\pranavam.ai\actions-runner\.runner_migrated
[2025-04-18 20:56:08Z INFO HostContext] Well known directory 'Bin': 'C:\Projects\Research\client_ai\sites\pranavam.ai\actions-runner\bin'
[2025-04-18 20:56:08Z INFO HostContext] Well known directory 'Root': 'C:\Projects\Research\client_ai\sites\pranavam.ai\actions-runner'
[2025-04-18 20:56:08Z INFO HostContext] Well known config file 'Credentials': 'C:\Projects\Research\client_ai\sites\pranavam.ai\actions-runner\.credentials'
[2025-04-18 20:56:08Z INFO ConfigurationStore] CredFilePath: C:\Projects\Research\client_ai\sites\pranavam.ai\actions-runner\.credentials
[2025-04-18 20:56:08Z INFO HostContext] Well known directory 'Bin': 'C:\Projects\Research\client_ai\sites\pranavam.ai\actions-runner\bin'
[2025-04-18 20:56:08Z INFO HostContext] Well known directory 'Root': 'C:\Projects\Research\client_ai\sites\pranavam.ai\actions-runner'
[2025-04-18 20:56:08Z INFO HostContext] Well known config file 'MigratedCredentials': 'C:\Projects\Research\client_ai\sites\pranavam.ai\actions-runner\.credentials_migrated'
[2025-04-18 20:56:08Z INFO ConfigurationStore] MigratedCredFilePath: C:\Projects\Research\client_ai\sites\pranavam.ai\actions-runner\.credentials_migrated
[2025-04-18 20:56:08Z INFO HostContext] Well known directory 'Bin': 'C:\Projects\Research\client_ai\sites\pranavam.ai\actions-runner\bin'
[2025-04-18 20:56:08Z INFO HostContext] Well known directory 'Root': 'C:\Projects\Research\client_ai\sites\pranavam.ai\actions-runner'
[2025-04-18 20:56:08Z INFO HostContext] Well known config file 'Service': 'C:\Projects\Research\client_ai\sites\pranavam.ai\actions-runner\.service'
[2025-04-18 20:56:08Z INFO ConfigurationStore] ServiceConfigFilePath: C:\Projects\Research\client_ai\sites\pranavam.ai\actions-runner\.service
[2025-04-18 20:56:08Z INFO CommandSettings] Flag 'help': 'False'
[2025-04-18 20:56:08Z INFO CommandSettings] Flag 'version': 'False'
[2025-04-18 20:56:08Z INFO CommandSettings] Flag 'commit': 'False'
[2025-04-18 20:56:08Z INFO CommandSettings] Flag 'check': 'False'
[2025-04-18 20:56:08Z INFO CommandSettings] Command 'configure': 'False'
[2025-04-18 20:56:08Z INFO CommandSettings] Command 'remove': 'False'
[2025-04-18 20:56:08Z INFO CommandSettings] Command 'warmup': 'False'
[2025-04-18 20:56:08Z INFO ConfigurationManager] LoadSettings
[2025-04-18 20:56:08Z INFO ConfigurationStore] IsConfigured()
[2025-04-18 20:56:08Z INFO ConfigurationStore] IsConfigured: True
[2025-04-18 20:56:08Z INFO ConfigurationManager] Is configured: True
[2025-04-18 20:56:08Z INFO ConfigurationStore] Read setting file: 304 chars
[2025-04-18 20:56:08Z INFO ConfigurationManager] Settings Loaded
[2025-04-18 20:56:08Z INFO ConfigurationStore] IsServiceConfigured()
[2025-04-18 20:56:08Z INFO ConfigurationStore] IsServiceConfigured: False
[2025-04-18 20:56:08Z INFO CommandSettings] Command 'run': 'True'
[2025-04-18 20:56:08Z INFO ConfigurationStore] IsConfigured()
[2025-04-18 20:56:08Z INFO ConfigurationStore] IsConfigured: True
[2025-04-18 20:56:08Z INFO ConfigurationManager] Is configured: True
[2025-04-18 20:56:08Z INFO Runner] Could not parse the argument value '' for StartupType. Defaulting to Manual
[2025-04-18 20:56:08Z INFO Runner] Set runner startup type - Manual
[2025-04-18 20:56:08Z INFO CommandSettings] Flag 'once': 'False'
[2025-04-18 20:56:08Z INFO CommandSettings] Flag 'once': 'False'
[2025-04-18 20:56:08Z INFO Runner] RunAsync
[2025-04-18 20:56:08Z INFO ConfigurationManager] LoadSettings
[2025-04-18 20:56:08Z INFO ConfigurationStore] IsConfigured()
[2025-04-18 20:56:08Z INFO ConfigurationStore] IsConfigured: True
[2025-04-18 20:56:08Z INFO ConfigurationManager] Is configured: True
[2025-04-18 20:56:08Z INFO ConfigurationManager] Settings Loaded
[2025-04-18 20:56:08Z INFO MessageListener] {
  "AgentId": 2,
  "AgentName": "HC-BHY4C64",
  "PoolId": 1,
  "PoolName": "Default",
  "ServerUrl": "https://pipelinesghubeus6.actions.githubusercontent.com/6NkWgQQgHMFTDr8d7O0eLSn6lHDZgzg94MOuEahWXsKnUjxUEs/",
  "GitHubUrl": "https://github.com/desearch/pranavam.ai",
  "WorkFolder": "_work"
}
[2025-04-18 20:56:08Z INFO MessageListener] Loading Credentials
[2025-04-18 20:56:08Z INFO ConfigurationStore] HasCredentials()
[2025-04-18 20:56:08Z INFO ConfigurationStore] stored True
[2025-04-18 20:56:08Z INFO CredentialManager] GetCredentialProvider
[2025-04-18 20:56:08Z INFO CredentialManager] Creating type OAuth
[2025-04-18 20:56:08Z INFO CredentialManager] Creating credential type: OAuth
[2025-04-18 20:56:08Z INFO HostContext] Well known directory 'Bin': 'C:\Projects\Research\client_ai\sites\pranavam.ai\actions-runner\bin'
[2025-04-18 20:56:08Z INFO HostContext] Well known directory 'Root': 'C:\Projects\Research\client_ai\sites\pranavam.ai\actions-runner'
[2025-04-18 20:56:08Z INFO HostContext] Well known config file 'RSACredentials': 'C:\Projects\Research\client_ai\sites\pranavam.ai\actions-runner\.credentials_rsaparams'
[2025-04-18 20:56:08Z INFO RSAEncryptedFileKeyManager] Loading RSA key parameters from file C:\Projects\Research\client_ai\sites\pranavam.ai\actions-runner\.credentials_rsaparams
[2025-04-18 20:56:08Z INFO MessageListener] Attempt to create session.
[2025-04-18 20:56:08Z INFO MessageListener] Connecting to the Runner Server...
[2025-04-18 20:56:08Z INFO RunnerServer] EstablishVssConnection
[2025-04-18 20:56:08Z INFO RunnerServer] Establish connection with 100 seconds timeout.
[2025-04-18 20:56:08Z INFO GitHubActionsService] Starting operation Location.GetConnectionData
[2025-04-18 20:56:08Z INFO RunnerServer] EstablishVssConnection
[2025-04-18 20:56:08Z INFO RunnerServer] Establish connection with 60 seconds timeout.
[2025-04-18 20:56:08Z INFO GitHubActionsService] Starting operation Location.GetConnectionData
[2025-04-18 20:56:08Z INFO RunnerServer] EstablishVssConnection
[2025-04-18 20:56:08Z INFO RunnerServer] Establish connection with 60 seconds timeout.
[2025-04-18 20:56:08Z INFO GitHubActionsService] Starting operation Location.GetConnectionData
[2025-04-18 20:56:08Z INFO GitHubActionsService] Finished operation Location.GetConnectionData
[2025-04-18 20:56:08Z INFO GitHubActionsService] Finished operation Location.GetConnectionData
[2025-04-18 20:56:08Z INFO GitHubActionsService] Finished operation Location.GetConnectionData
[2025-04-18 20:56:08Z INFO MessageListener] VssConnection created
[2025-04-18 20:56:08Z INFO Terminal] WRITE LINE: 
[2025-04-18 20:56:08Z INFO Terminal] WRITE LINE: 
[2025-04-18 20:56:08Z INFO RSAEncryptedFileKeyManager] Loading RSA key parameters from file C:\Projects\Research\client_ai\sites\pranavam.ai\actions-runner\.credentials_rsaparams
[2025-04-18 20:56:08Z INFO RSAEncryptedFileKeyManager] Loading RSA key parameters from file C:\Projects\Research\client_ai\sites\pranavam.ai\actions-runner\.credentials_rsaparams
[2025-04-18 20:56:09Z INFO GitHubActionsService] AAD Correlation ID for this token request: Unknown
[2025-04-18 20:56:09Z INFO MessageListener] Session created.
[2025-04-18 20:56:09Z INFO Terminal] WRITE LINE: Current runner version: '2.323.0'
[2025-04-18 20:56:09Z INFO Terminal] WRITE LINE: 2025-04-18 20:56:09Z: Listening for Jobs
[2025-04-18 20:56:09Z INFO JobDispatcher] Set runner/worker IPC timeout to 30 seconds.
[2025-04-18 20:56:09Z INFO RSAEncryptedFileKeyManager] Loading RSA key parameters from file C:\Projects\Research\client_ai\sites\pranavam.ai\actions-runner\.credentials_rsaparams
[2025-04-18 20:56:10Z INFO GitHubActionsService] AAD Correlation ID for this token request: Unknown
